Build started 05.07.2023 22:29:28.
Logging verbosity is set to: Normal.     1>Project "C:\Users\Kobzar\Desktop\Programing\C++\CppProjects\RecursiveHorse\RecursiveHorse\RecursiveHorse.vcxproj" on node 2 (Build target(s)).
     1>PrepareForBuild:
         Creating directory "C:\Users\Kobzar\Desktop\Programing\C++\CppProjects\RecursiveHorse\x64\Debug\".
         Creating directory "x64\Debug\RecursiveHorse.tlog\".
       InitializeBuildStatus:
         Creating "x64\Debug\RecursiveHorse.tlog\unsuccessfulbuild" because "AlwaysCreate" was specified.
       ComputeStdModulesCompileInputs:
         Reading library manifest file 'C:\Program Files\Microsoft Visual Studio\2022\Community\VC\Tools\MSVC\14.36.32532\modules\modules.json' which provides data for library 'microsoft/STL'.
         Adding module source 'C:\Program Files\Microsoft Visual Studio\2022\Community\VC\Tools\MSVC\14.36.32532\modules\std.ixx' from library 'microsoft/STL' to be built with this project.
         Adding module source 'C:\Program Files\Microsoft Visual Studio\2022\Community\VC\Tools\MSVC\14.36.32532\modules\std.compat.ixx' from library 'microsoft/STL' to be built with this project.
       SetModuleDependencies:
         Creating directory "x64\Debug\RecursiveHorse_MD.tlog\".
         Scanning sources for module dependencies...
         C:\Program Files\Microsoft Visual Studio\2022\Community\VC\Tools\MSVC\14.36.32532\bin\HostX64\x64\CL.exe /c /I"C:\vcpkg\installed\x64-windows\include" /ZI /JMC /nologo /W3 /WX- /diagnostics:column /sdl /MP /FS /Od /D _DEBUG /D _CONSOLE /D _UNICODE /D UNICODE /Gm- /EHsc /RTC1 /MDd /GS /Qpar /fp:precise /Zc:wchar_t /Zc:forScope /Zc:inline /std:c++latest /permissive- /ifcOutput "C:\Users\Kobzar\Desktop\Programing\C++\CppProjects\RecursiveHorse\RecursiveHorse\x64\Debug\std.compat.ixx.ifc" /scanDependencies "x64\Debug\\" /Fo"x64\Debug\std.compat.ixx.obj" /Fd"x64\Debug\vc143.pdb" /external:W3 /Gd /interface /FC /errorReport:prompt  /TP "C:\Program Files\Microsoft Visual Studio\2022\Community\VC\Tools\MSVC\14.36.32532\modules\std.compat.ixx"
         C:\Program Files\Microsoft Visual Studio\2022\Community\VC\Tools\MSVC\14.36.32532\bin\HostX64\x64\CL.exe /c /I"C:\vcpkg\installed\x64-windows\include" /ZI /JMC /nologo /W3 /WX- /diagnostics:column /sdl /MP /FS /Od /D _DEBUG /D _CONSOLE /D _UNICODE /D UNICODE /Gm- /EHsc /RTC1 /MDd /GS /Qpar /fp:precise /Zc:wchar_t /Zc:forScope /Zc:inline /std:c++latest /permissive- /ifcOutput "C:\Users\Kobzar\Desktop\Programing\C++\CppProjects\RecursiveHorse\RecursiveHorse\x64\Debug\std.ixx.ifc" /scanDependencies "x64\Debug\\" /Fo"x64\Debug\std.ixx.obj" /Fd"x64\Debug\vc143.pdb" /external:W3 /Gd /interface /FC /errorReport:prompt  /TP "C:\Program Files\Microsoft Visual Studio\2022\Community\VC\Tools\MSVC\14.36.32532\modules\std.ixx"
         std.compat.ixx
         std.ixx
       VcpkgTripletSelection:
         Using triplet "x64-windows" from "C:\vcpkg\installed\x64-windows\"
         Using normalized configuration "Debug"
       ClCompile:
         Compiling...
         C:\Program Files\Microsoft Visual Studio\2022\Community\VC\Tools\MSVC\14.36.32532\bin\HostX64\x64\CL.exe /c /I"C:\vcpkg\installed\x64-windows\include" /ZI /JMC /nologo /W3 /WX- /diagnostics:column /sdl /MP /FS /Od /D _DEBUG /D _CONSOLE /D _UNICODE /D UNICODE /Gm- /EHsc /RTC1 /MDd /GS /Qpar /fp:precise /Zc:wchar_t /Zc:forScope /Zc:inline /std:c++latest /permissive- /ifcOutput "C:\Users\Kobzar\Desktop\Programing\C++\CppProjects\RecursiveHorse\RecursiveHorse\x64\Debug\std.ixx.ifc" /Fo"x64\Debug\std.ixx.obj" /Fd"x64\Debug\vc143.pdb" /sourceDependencies "C:\Users\Kobzar\Desktop\Programing\C++\CppProjects\RecursiveHorse\RecursiveHorse\x64\Debug\std.ixx.ifc.d.json" /external:W3 /Gd /interface /FC /errorReport:prompt  /TP "C:\Program Files\Microsoft Visual Studio\2022\Community\VC\Tools\MSVC\14.36.32532\modules\std.ixx"
         std.ixx
         C:\Program Files\Microsoft Visual Studio\2022\Community\VC\Tools\MSVC\14.36.32532\bin\HostX64\x64\CL.exe /c /I"C:\vcpkg\installed\x64-windows\include" /reference std=C:\Users\Kobzar\Desktop\Programing\C++\CppProjects\RecursiveHorse\RecursiveHorse\x64\Debug\std.ixx.ifc /ZI /JMC /nologo /W3 /WX- /diagnostics:column /sdl /MP /FS /Od /D _DEBUG /D _CONSOLE /D _UNICODE /D UNICODE /Gm- /EHsc /RTC1 /MDd /GS /Qpar /fp:precise /Zc:wchar_t /Zc:forScope /Zc:inline /std:c++latest /permissive- /ifcOutput "C:\Users\Kobzar\Desktop\Programing\C++\CppProjects\RecursiveHorse\RecursiveHorse\x64\Debug\std.compat.ixx.ifc" /Fo"x64\Debug\std.compat.ixx.obj" /Fd"x64\Debug\vc143.pdb" /sourceDependencies "C:\Users\Kobzar\Desktop\Programing\C++\CppProjects\RecursiveHorse\RecursiveHorse\x64\Debug\std.compat.ixx.ifc.d.json" /external:W3 /Gd /interface /FC /errorReport:prompt  /TP "C:\Program Files\Microsoft Visual Studio\2022\Community\VC\Tools\MSVC\14.36.32532\modules\std.compat.ixx"
         std.compat.ixx
         C:\Program Files\Microsoft Visual Studio\2022\Community\VC\Tools\MSVC\14.36.32532\bin\HostX64\x64\CL.exe /c /I"C:\vcpkg\installed\x64-windows\include" /ZI /JMC /nologo /W3 /WX- /diagnostics:column /sdl /MP /Od /D _DEBUG /D _CONSOLE /D _UNICODE /D UNICODE /Gm- /EHsc /RTC1 /MDd /GS /Qpar /fp:precise /Zc:wchar_t /Zc:forScope /Zc:inline /std:c++latest /permissive- /Yc"pch.h" /Fp"x64\Debug\RecursiveHorse.pch" /Fo"x64\Debug\\" /Fd"x64\Debug\vc143.pdb" /external:W3 /Gd /TP /FC /errorReport:prompt pch.cpp
         pch.cpp
         C:\Program Files\Microsoft Visual Studio\2022\Community\VC\Tools\MSVC\14.36.32532\bin\HostX64\x64\CL.exe /c /I"C:\vcpkg\installed\x64-windows\include" /reference std=C:\Users\Kobzar\Desktop\Programing\C++\CppProjects\RecursiveHorse\RecursiveHorse\x64\Debug\std.ixx.ifc /reference std.compat=C:\Users\Kobzar\Desktop\Programing\C++\CppProjects\RecursiveHorse\RecursiveHorse\x64\Debug\std.compat.ixx.ifc /ZI /JMC /nologo /W3 /WX- /diagnostics:column /sdl /MP /Od /D _DEBUG /D _CONSOLE /D _UNICODE /D UNICODE /Gm- /EHsc /RTC1 /MDd /GS /Qpar /fp:precise /Zc:wchar_t /Zc:forScope /Zc:inline /std:c++latest /permissive- /Yu"pch.h" /Fp"x64\Debug\RecursiveHorse.pch" /Fo"x64\Debug\\" /Fd"x64\Debug\vc143.pdb" /external:W3 /Gd /TP /FC /errorReport:prompt RecursiveHorse.cpp
         RecursiveHorse.cpp
       Link:
         C:\Program Files\Microsoft Visual Studio\2022\Community\VC\Tools\MSVC\14.36.32532\bin\HostX64\x64\link.exe /ERRORREPORT:PROMPT /OUT:"C:\Users\Kobzar\Desktop\Programing\C++\CppProjects\RecursiveHorse\x64\Debug\RecursiveHorse.exe" /INCREMENTAL /ILK:"x64\Debug\RecursiveHorse.ilk" /NOLOGO /LIBPATH:"C:\vcpkg\installed\x64-windows\debug\lib" /LIBPATH:"C:\vcpkg\installed\x64-windows\debug\lib\manual-link" kernel32.lib user32.lib gdi32.lib winspool.lib comdlg32.lib advapi32.lib shell32.lib ole32.lib oleaut32.lib uuid.lib odbc32.lib odbccp32.lib "C:\vcpkg\installed\x64-windows\debug\lib\*.lib" /MANIFEST /MANIFESTUAC:"level='asInvoker' uiAccess='false'" /manifest:embed /DEBUG /PDB:"C:\Users\Kobzar\Desktop\Programing\C++\CppProjects\RecursiveHorse\x64\Debug\RecursiveHorse.pdb" /SUBSYSTEM:CONSOLE /TLBID:1 /DYNAMICBASE /NXCOMPAT /IMPLIB:"C:\Users\Kobzar\Desktop\Programing\C++\CppProjects\RecursiveHorse\x64\Debug\RecursiveHorse.lib" /MACHINE:X64 x64\Debug\pch.obj
         x64\Debug\RecursiveHorse.obj
         x64\Debug\std.ixx.obj
         x64\Debug\std.compat.ixx.obj
         RecursiveHorse.vcxproj -> C:\Users\Kobzar\Desktop\Programing\C++\CppProjects\RecursiveHorse\x64\Debug\RecursiveHorse.exe
       AppLocalFromInstalled:
         pwsh.exe -ExecutionPolicy Bypass -noprofile -File "C:\vcpkg\scripts\buildsystems\msbuild\applocal.ps1" "C:\Users\Kobzar\Desktop\Programing\C++\CppProjects\RecursiveHorse\x64\Debug\RecursiveHorse.exe" "C:\vcpkg\installed\x64-windows\debug\bin" "x64\Debug\RecursiveHorse.tlog\RecursiveHorse.write.1u.tlog" "x64\Debug\vcpkg.applocal.log"
         'pwsh.exe' is not recognized as an internal or external command,
         operable program or batch file.
         The command "pwsh.exe -ExecutionPolicy Bypass -noprofile -File "C:\vcpkg\scripts\buildsystems\msbuild\applocal.ps1" "C:\Users\Kobzar\Desktop\Programing\C++\CppProjects\RecursiveHorse\x64\Debug\RecursiveHorse.exe" "C:\vcpkg\installed\x64-windows\debug\bin" "x64\Debug\RecursiveHorse.tlog\RecursiveHorse.write.1u.tlog" "x64\Debug\vcpkg.applocal.log"" exited with code 9009.
         "C:\Windows\System32\WindowsPowerShell\v1.0\powershell.exe" -ExecutionPolicy Bypass -noprofile -File "C:\vcpkg\scripts\buildsystems\msbuild\applocal.ps1" "C:\Users\Kobzar\Desktop\Programing\C++\CppProjects\RecursiveHorse\x64\Debug\RecursiveHorse.exe" "C:\vcpkg\installed\x64-windows\debug\bin" "x64\Debug\RecursiveHorse.tlog\RecursiveHorse.write.1u.tlog" "x64\Debug\vcpkg.applocal.log"
       FinalizeBuildStatus:
         Deleting file "x64\Debug\RecursiveHorse.tlog\unsuccessfulbuild".
         Touching "x64\Debug\RecursiveHorse.tlog\RecursiveHorse.lastbuildstate".
     1>Done Building Project "C:\Users\Kobzar\Desktop\Programing\C++\CppProjects\RecursiveHorse\RecursiveHorse\RecursiveHorse.vcxproj" (Build target(s)).

Build succeeded.
    0 Warning(s)
    0 Error(s)

Time Elapsed 00:00:07.23
